2026-02-01 17:30:08,918 - perplexity.server.client_pool - INFO - Starting concurrent test for 1 clients (max concurrency: 5)
2026-02-01 17:30:08,918 - perplexity.server.client_pool - INFO - Testing client 'anonymous'...
2026-02-01 17:30:09,636 - perplexity.server.client_pool - WARNING - Heartbeat test failed for client 'anonymous': not logged in
2026-02-01 17:30:09,637 - perplexity.server.client_pool - WARNING - Telegram notification skipped: tg_bot_token or tg_chat_id not configured
2026-02-01 17:30:09,637 - perplexity.server.client_pool - INFO - Client 'anonymous' test completed (1/1): status=error, state=offline
2026-02-01 17:30:10,138 - perplexity.server.client_pool - INFO - Concurrent test completed: 1 clients tested, 0 succeeded, 1 failed
2026-02-01 17:42:42,621 - perplexity.server.client_pool - WARNING - Heartbeat test failed for client 'anonymous': not logged in
2026-02-01 17:42:42,622 - perplexity.server.client_pool - WARNING - Telegram notification skipped: tg_bot_token or tg_chat_id not configured
2026-02-01 17:43:49,107 - perplexity.server.client_pool - WARNING - Heartbeat test failed for client 'anonymous': not logged in
2026-02-01 17:56:58,672 - perplexity.server.client_pool - WARNING - Heartbeat test failed for client 'anonymous': not logged in
2026-02-01 17:57:15,042 - perplexity.server.client_pool - WARNING - Heartbeat test failed for client 'anonymous': not logged in
2026-02-01 17:57:15,042 - perplexity.server.client_pool - WARNING - Telegram notification skipped: tg_bot_token or tg_chat_id not configured
2026-02-01 17:59:38,100 - perplexity.server.client_pool - WARNING - Heartbeat test failed for client 'anonymous': not logged in
2026-02-01 17:59:47,909 - perplexity.server.client_pool - INFO - Client 'anonymous' not logged in, testing auto mode directly...
2026-02-01 17:59:51,790 - perplexity.server.client_pool - WARNING - Client 'anonymous' is downgraded (not logged in, auto succeeded)
2026-02-01 17:59:51,790 - perplexity.server.client_pool - WARNING - Telegram notification skipped: tg_bot_token or tg_chat_id not configured
2026-02-01 18:36:26,566 - perplexity.server.client_pool - INFO - Client 'anonymous' not logged in, testing auto mode directly...
2026-02-01 18:36:29,380 - perplexity.server.client_pool - WARNING - Client 'anonymous' is downgraded (not logged in, auto succeeded)
2026-02-01 19:25:15,363 - perplexity.server.client_pool - INFO - Client 'anonymous' not logged in, testing auto mode directly...
2026-02-01 19:25:18,358 - perplexity.server.client_pool - WARNING - Client 'anonymous' is downgraded (not logged in, auto succeeded)
2026-02-01 19:25:18,358 - perplexity.server.client_pool - WARNING - Telegram notification skipped: tg_bot_token or tg_chat_id not configured
2026-02-01 19:30:42,845 - perplexity.server.client_pool - INFO - Heartbeat test passed for client 'meralanalex@gmail.com'
2026-02-01 19:31:01,521 - perplexity.server.client_pool - INFO - Client '1' not logged in, testing auto mode directly...
2026-02-01 19:31:04,196 - perplexity.server.client_pool - WARNING - Client '1' is downgraded (not logged in, auto succeeded)
2026-02-01 19:31:04,197 - perplexity.server.client_pool - WARNING - Telegram notification skipped: tg_bot_token or tg_chat_id not configured
2026-02-01 19:50:35,179 - perplexity.server.client_pool - INFO - Starting concurrent test for 2 clients (max concurrency: 5)
2026-02-01 19:50:35,182 - perplexity.server.client_pool - INFO - Testing client 'meralanalex@gmail.com'...
2026-02-01 19:50:35,182 - perplexity.server.client_pool - INFO - Testing client '1'...
2026-02-01 19:50:35,916 - perplexity.server.client_pool - INFO - Client '1' not logged in, testing auto mode directly...
2026-02-01 19:50:38,704 - perplexity.server.client_pool - INFO - Heartbeat test passed for client 'meralanalex@gmail.com'
2026-02-01 19:50:38,704 - perplexity.server.client_pool - INFO - Client 'meralanalex@gmail.com' test completed (1/2): status=ok, state=normal
2026-02-01 19:50:38,996 - perplexity.server.client_pool - WARNING - Client '1' is downgraded (not logged in, auto succeeded)
2026-02-01 19:50:38,997 - perplexity.server.client_pool - INFO - Client '1' test completed (2/2): status=ok, state=downgrade
2026-02-01 19:50:39,497 - perplexity.server.client_pool - INFO - Concurrent test completed: 2 clients tested, 2 succeeded, 0 failed
2026-02-01 19:53:22,430 - perplexity.server.client_pool - INFO - Heartbeat is disabled, not starting
2026-02-01 19:53:26,468 - perplexity.server.client_pool - INFO - Heartbeat is disabled, not starting
2026-02-01 19:53:35,428 - perplexity.server.client_pool - WARNING - aiohttp not installed, Telegram notification skipped
2026-02-01 19:53:36,666 - perplexity.server.client_pool - INFO - Heartbeat is disabled, not starting
2026-02-01 19:53:38,648 - perplexity.server.client_pool - INFO - Heartbeat is disabled, not starting
2026-02-01 19:53:43,350 - perplexity.server.client_pool - INFO - Heartbeat is disabled, not starting
2026-02-01 19:54:15,519 - perplexity.server.client_pool - WARNING - aiohttp not installed, Telegram notification skipped
